ISim log file
Running: E:\Master Degree\VSOIZM\vsoizm\Practice\TB_CONVOLUTION_MODULE_TEST_isim_beh.exe -intstyle ise -gui -tclbatch isim.cmd -wdb E:/Master Degree/VSOIZM/vsoizm/Practice/TB_CONVOLUTION_MODULE_TEST_isim_beh.wdb 
ISim P.20131013 (signature 0x7708f090)
This is a Full version of ISim.
Time resolution is 1 ps
# onerror resume
# wave add /
# restart
# restart
# run all
Simulator is doing circuit initialization process.
at 0 ps, Instance /tb_convolution_module_test/uut/convolution/\line_ops(8)\/line_op/ : Warning: NUMERIC_STD.TO_INTEGER: metavalue detected, returning 0
at 0 ps, Instance /tb_convolution_module_test/uut/convolution/\line_ops(8)\/line_op/ : Warning: NUMERIC_STD.TO_INTEGER: metavalue detected, returning 0
at 0 ps, Instance /tb_convolution_module_test/uut/convolution/\line_ops(8)\/line_op/ : Warning: NUMERIC_STD.TO_INTEGER: metavalue detected, returning 0
at 0 ps, Instance /tb_convolution_module_test/uut/convolution/\line_ops(8)\/line_op/ : Warning: NUMERIC_STD.TO_INTEGER: metavalue detected, returning 0
at 0 ps, Instance /tb_convolution_module_test/uut/convolution/\line_ops(8)\/line_op/ : Warning: NUMERIC_STD.TO_INTEGER: metavalue detected, returning 0
at 0 ps, Instance /tb_convolution_module_test/uut/convolution/\line_ops(8)\/line_op/ : Warning: NUMERIC_STD.TO_INTEGER: metavalue detected, returning 0
at 0 ps, Instance /tb_convolution_module_test/uut/convolution/\line_ops(8)\/line_op/ : Warning: NUMERIC_STD.TO_INTEGER: metavalue detected, returning 0
at 0 ps, Instance /tb_convolution_module_test/uut/convolution/\line_ops(8)\/line_op/ : Warning: NUMERIC_STD.TO_INTEGER: metavalue detected, returning 0
at 0 ps, Instance /tb_convolution_module_test/uut/convolution/\line_ops(8)\/line_op/ : Warning: NUMERIC_STD.TO_INTEGER: metavalue detected, returning 0
at 0 ps, Instance /tb_convolution_module_test/uut/convolution/\line_ops(7)\/line_op/ : Warning: NUMERIC_STD.TO_INTEGER: metavalue detected, returning 0
at 0 ps, Instance /tb_convolution_module_test/uut/convolution/\line_ops(7)\/line_op/ : Warning: NUMERIC_STD.TO_INTEGER: metavalue detected, returning 0
at 0 ps, Instance /tb_convolution_module_test/uut/convolution/\line_ops(7)\/line_op/ : Warning: NUMERIC_STD.TO_INTEGER: metavalue detected, returning 0
at 0 ps, Instance /tb_convolution_module_test/uut/convolution/\line_ops(7)\/line_op/ : Warning: NUMERIC_STD.TO_INTEGER: metavalue detected, returning 0
at 0 ps, Instance /tb_convolution_module_test/uut/convolution/\line_ops(7)\/line_op/ : Warning: NUMERIC_STD.TO_INTEGER: metavalue detected, returning 0
at 0 ps, Instance /tb_convolution_module_test/uut/convolution/\line_ops(7)\/line_op/ : Warning: NUMERIC_STD.TO_INTEGER: metavalue detected, returning 0
at 0 ps, Instance /tb_convolution_module_test/uut/convolution/\line_ops(7)\/line_op/ : Warning: NUMERIC_STD.TO_INTEGER: metavalue detected, returning 0
at 0 ps, Instance /tb_convolution_module_test/uut/convolution/\line_ops(7)\/line_op/ : Warning: NUMERIC_STD.TO_INTEGER: metavalue detected, returning 0
at 0 ps, Instance /tb_convolution_module_test/uut/convolution/\line_ops(7)\/line_op/ : Warning: NUMERIC_STD.TO_INTEGER: metavalue detected, returning 0
at 0 ps, Instance /tb_convolution_module_test/uut/convolution/\line_ops(6)\/line_op/ : Warning: NUMERIC_STD.TO_INTEGER: metavalue detected, returning 0
at 0 ps, Instance /tb_convolution_module_test/uut/convolution/\line_ops(6)\/line_op/ : Warning: NUMERIC_STD.TO_INTEGER: metavalue detected, returning 0
at 0 ps, Instance /tb_convolution_module_test/uut/convolution/\line_ops(6)\/line_op/ : Warning: NUMERIC_STD.TO_INTEGER: metavalue detected, returning 0
at 0 ps, Instance /tb_convolution_module_test/uut/convolution/\line_ops(6)\/line_op/ : Warning: NUMERIC_STD.TO_INTEGER: metavalue detected, returning 0
at 0 ps, Instance /tb_convolution_module_test/uut/convolution/\line_ops(6)\/line_op/ : Warning: NUMERIC_STD.TO_INTEGER: metavalue detected, returning 0
at 0 ps, Instance /tb_convolution_module_test/uut/convolution/\line_ops(6)\/line_op/ : Warning: NUMERIC_STD.TO_INTEGER: metavalue detected, returning 0
at 0 ps, Instance /tb_convolution_module_test/uut/convolution/\line_ops(6)\/line_op/ : Warning: NUMERIC_STD.TO_INTEGER: metavalue detected, returning 0
at 0 ps, Instance /tb_convolution_module_test/uut/convolution/\line_ops(6)\/line_op/ : Warning: NUMERIC_STD.TO_INTEGER: metavalue detected, returning 0
at 0 ps, Instance /tb_convolution_module_test/uut/convolution/\line_ops(6)\/line_op/ : Warning: NUMERIC_STD.TO_INTEGER: metavalue detected, returning 0
at 0 ps, Instance /tb_convolution_module_test/uut/convolution/\line_ops(5)\/line_op/ : Warning: NUMERIC_STD.TO_INTEGER: metavalue detected, returning 0
at 0 ps, Instance /tb_convolution_module_test/uut/convolution/\line_ops(5)\/line_op/ : Warning: NUMERIC_STD.TO_INTEGER: metavalue detected, returning 0
at 0 ps, Instance /tb_convolution_module_test/uut/convolution/\line_ops(5)\/line_op/ : Warning: NUMERIC_STD.TO_INTEGER: metavalue detected, returning 0
at 0 ps, Instance /tb_convolution_module_test/uut/convolution/\line_ops(5)\/line_op/ : Warning: NUMERIC_STD.TO_INTEGER: metavalue detected, returning 0
at 0 ps, Instance /tb_convolution_module_test/uut/convolution/\line_ops(5)\/line_op/ : Warning: NUMERIC_STD.TO_INTEGER: metavalue detected, returning 0
at 0 ps, Instance /tb_convolution_module_test/uut/convolution/\line_ops(5)\/line_op/ : Warning: NUMERIC_STD.TO_INTEGER: metavalue detected, returning 0
at 0 ps, Instance /tb_convolution_module_test/uut/convolution/\line_ops(5)\/line_op/ : Warning: NUMERIC_STD.TO_INTEGER: metavalue detected, returning 0
at 0 ps, Instance /tb_convolution_module_test/uut/convolution/\line_ops(5)\/line_op/ : Warning: NUMERIC_STD.TO_INTEGER: metavalue detected, returning 0
at 0 ps, Instance /tb_convolution_module_test/uut/convolution/\line_ops(5)\/line_op/ : Warning: NUMERIC_STD.TO_INTEGER: metavalue detected, returning 0
at 0 ps, Instance /tb_convolution_module_test/uut/convolution/\line_ops(4)\/line_op/ : Warning: NUMERIC_STD.TO_INTEGER: metavalue detected, returning 0
at 0 ps, Instance /tb_convolution_module_test/uut/convolution/\line_ops(4)\/line_op/ : Warning: NUMERIC_STD.TO_INTEGER: metavalue detected, returning 0
at 0 ps, Instance /tb_convolution_module_test/uut/convolution/\line_ops(4)\/line_op/ : Warning: NUMERIC_STD.TO_INTEGER: metavalue detected, returning 0
at 0 ps, Instance /tb_convolution_module_test/uut/convolution/\line_ops(4)\/line_op/ : Warning: NUMERIC_STD.TO_INTEGER: metavalue detected, returning 0
at 0 ps, Instance /tb_convolution_module_test/uut/convolution/\line_ops(4)\/line_op/ : Warning: NUMERIC_STD.TO_INTEGER: metavalue detected, returning 0
at 0 ps, Instance /tb_convolution_module_test/uut/convolution/\line_ops(4)\/line_op/ : Warning: NUMERIC_STD.TO_INTEGER: metavalue detected, returning 0
at 0 ps, Instance /tb_convolution_module_test/uut/convolution/\line_ops(4)\/line_op/ : Warning: NUMERIC_STD.TO_INTEGER: metavalue detected, returning 0
at 0 ps, Instance /tb_convolution_module_test/uut/convolution/\line_ops(4)\/line_op/ : Warning: NUMERIC_STD.TO_INTEGER: metavalue detected, returning 0
at 0 ps, Instance /tb_convolution_module_test/uut/convolution/\line_ops(4)\/line_op/ : Warning: NUMERIC_STD.TO_INTEGER: metavalue detected, returning 0
at 0 ps, Instance /tb_convolution_module_test/uut/convolution/\line_ops(3)\/line_op/ : Warning: NUMERIC_STD.TO_INTEGER: metavalue detected, returning 0
at 0 ps, Instance /tb_convolution_module_test/uut/convolution/\line_ops(3)\/line_op/ : Warning: NUMERIC_STD.TO_INTEGER: metavalue detected, returning 0
at 0 ps, Instance /tb_convolution_module_test/uut/convolution/\line_ops(3)\/line_op/ : Warning: NUMERIC_STD.TO_INTEGER: metavalue detected, returning 0
at 0 ps, Instance /tb_convolution_module_test/uut/convolution/\line_ops(3)\/line_op/ : Warning: NUMERIC_STD.TO_INTEGER: metavalue detected, returning 0
at 0 ps, Instance /tb_convolution_module_test/uut/convolution/\line_ops(3)\/line_op/ : Warning: NUMERIC_STD.TO_INTEGER: metavalue detected, returning 0
at 0 ps, Instance /tb_convolution_module_test/uut/convolution/\line_ops(3)\/line_op/ : Warning: NUMERIC_STD.TO_INTEGER: metavalue detected, returning 0
at 0 ps, Instance /tb_convolution_module_test/uut/convolution/\line_ops(3)\/line_op/ : Warning: NUMERIC_STD.TO_INTEGER: metavalue detected, returning 0
at 0 ps, Instance /tb_convolution_module_test/uut/convolution/\line_ops(3)\/line_op/ : Warning: NUMERIC_STD.TO_INTEGER: metavalue detected, returning 0
at 0 ps, Instance /tb_convolution_module_test/uut/convolution/\line_ops(3)\/line_op/ : Warning: NUMERIC_STD.TO_INTEGER: metavalue detected, returning 0
at 0 ps, Instance /tb_convolution_module_test/uut/convolution/\line_ops(2)\/line_op/ : Warning: NUMERIC_STD.TO_INTEGER: metavalue detected, returning 0
at 0 ps, Instance /tb_convolution_module_test/uut/convolution/\line_ops(2)\/line_op/ : Warning: NUMERIC_STD.TO_INTEGER: metavalue detected, returning 0
at 0 ps, Instance /tb_convolution_module_test/uut/convolution/\line_ops(2)\/line_op/ : Warning: NUMERIC_STD.TO_INTEGER: metavalue detected, returning 0
at 0 ps, Instance /tb_convolution_module_test/uut/convolution/\line_ops(2)\/line_op/ : Warning: NUMERIC_STD.TO_INTEGER: metavalue detected, returning 0
at 0 ps, Instance /tb_convolution_module_test/uut/convolution/\line_ops(2)\/line_op/ : Warning: NUMERIC_STD.TO_INTEGER: metavalue detected, returning 0
at 0 ps, Instance /tb_convolution_module_test/uut/convolution/\line_ops(2)\/line_op/ : Warning: NUMERIC_STD.TO_INTEGER: metavalue detected, returning 0
at 0 ps, Instance /tb_convolution_module_test/uut/convolution/\line_ops(2)\/line_op/ : Warning: NUMERIC_STD.TO_INTEGER: metavalue detected, returning 0
at 0 ps, Instance /tb_convolution_module_test/uut/convolution/\line_ops(2)\/line_op/ : Warning: NUMERIC_STD.TO_INTEGER: metavalue detected, returning 0
at 0 ps, Instance /tb_convolution_module_test/uut/convolution/\line_ops(2)\/line_op/ : Warning: NUMERIC_STD.TO_INTEGER: metavalue detected, returning 0
at 0 ps, Instance /tb_convolution_module_test/uut/convolution/\line_ops(1)\/line_op/ : Warning: NUMERIC_STD.TO_INTEGER: metavalue detected, returning 0
at 0 ps, Instance /tb_convolution_module_test/uut/convolution/\line_ops(1)\/line_op/ : Warning: NUMERIC_STD.TO_INTEGER: metavalue detected, returning 0
at 0 ps, Instance /tb_convolution_module_test/uut/convolution/\line_ops(1)\/line_op/ : Warning: NUMERIC_STD.TO_INTEGER: metavalue detected, returning 0
at 0 ps, Instance /tb_convolution_module_test/uut/convolution/\line_ops(1)\/line_op/ : Warning: NUMERIC_STD.TO_INTEGER: metavalue detected, returning 0
at 0 ps, Instance /tb_convolution_module_test/uut/convolution/\line_ops(1)\/line_op/ : Warning: NUMERIC_STD.TO_INTEGER: metavalue detected, returning 0
at 0 ps, Instance /tb_convolution_module_test/uut/convolution/\line_ops(1)\/line_op/ : Warning: NUMERIC_STD.TO_INTEGER: metavalue detected, returning 0
at 0 ps, Instance /tb_convolution_module_test/uut/convolution/\line_ops(1)\/line_op/ : Warning: NUMERIC_STD.TO_INTEGER: metavalue detected, returning 0
at 0 ps, Instance /tb_convolution_module_test/uut/convolution/\line_ops(1)\/line_op/ : Warning: NUMERIC_STD.TO_INTEGER: metavalue detected, returning 0
at 0 ps, Instance /tb_convolution_module_test/uut/convolution/\line_ops(1)\/line_op/ : Warning: NUMERIC_STD.TO_INTEGER: metavalue detected, returning 0
at 0 ps, Instance /tb_convolution_module_test/uut/convolution/\line_ops(0)\/line_op/ : Warning: NUMERIC_STD.TO_INTEGER: metavalue detected, returning 0
at 0 ps, Instance /tb_convolution_module_test/uut/convolution/\line_ops(0)\/line_op/ : Warning: NUMERIC_STD.TO_INTEGER: metavalue detected, returning 0
at 0 ps, Instance /tb_convolution_module_test/uut/convolution/\line_ops(0)\/line_op/ : Warning: NUMERIC_STD.TO_INTEGER: metavalue detected, returning 0
at 0 ps, Instance /tb_convolution_module_test/uut/convolution/\line_ops(0)\/line_op/ : Warning: NUMERIC_STD.TO_INTEGER: metavalue detected, returning 0
at 0 ps, Instance /tb_convolution_module_test/uut/convolution/\line_ops(0)\/line_op/ : Warning: NUMERIC_STD.TO_INTEGER: metavalue detected, returning 0
at 0 ps, Instance /tb_convolution_module_test/uut/convolution/\line_ops(0)\/line_op/ : Warning: NUMERIC_STD.TO_INTEGER: metavalue detected, returning 0
at 0 ps, Instance /tb_convolution_module_test/uut/convolution/\line_ops(0)\/line_op/ : Warning: NUMERIC_STD.TO_INTEGER: metavalue detected, returning 0
at 0 ps, Instance /tb_convolution_module_test/uut/convolution/\line_ops(0)\/line_op/ : Warning: NUMERIC_STD.TO_INTEGER: metavalue detected, returning 0
at 0 ps, Instance /tb_convolution_module_test/uut/convolution/\line_ops(0)\/line_op/ : Warning: NUMERIC_STD.TO_INTEGER: metavalue detected, returning 0
at 0 ps, Instance /tb_convolution_module_test/uut/convolution/div/ : Warning: NUMERIC_STD."=": metavalue detected, returning FALSE
at 0 ps, Instance /tb_convolution_module_test/uut/convolution/div/ : Warning: NUMERIC_STD."<": metavalue detected, returning FALSE
at 0 ps, Instance /tb_convolution_module_test/uut/convolution/div/ : Warning: NUMERIC_STD.">": metavalue detected, returning FALSE
Finished circuit initialization process.
at 0 ps, Instance /tb_convolution_module_test/uut/convolution/div/ : Warning: NUMERIC_STD."=": metavalue detected, returning FALSE
at 0 ps, Instance /tb_convolution_module_test/uut/convolution/\line_ops(8)\/line_op/ : Warning: NUMERIC_STD.TO_INTEGER: metavalue detected, returning 0
at 0 ps, Instance /tb_convolution_module_test/uut/convolution/\line_ops(8)\/line_op/ : Warning: NUMERIC_STD.TO_INTEGER: metavalue detected, returning 0
at 0 ps, Instance /tb_convolution_module_test/uut/convolution/\line_ops(8)\/line_op/ : Warning: NUMERIC_STD.TO_INTEGER: metavalue detected, returning 0
at 0 ps, Instance /tb_convolution_module_test/uut/convolution/\line_ops(8)\/line_op/ : Warning: NUMERIC_STD.TO_INTEGER: metavalue detected, returning 0
at 0 ps, Instance /tb_convolution_module_test/uut/convolution/\line_ops(8)\/line_op/ : Warning: NUMERIC_STD.TO_INTEGER: metavalue detected, returning 0
at 0 ps, Instance /tb_convolution_module_test/uut/convolution/\line_ops(8)\/line_op/ : Warning: NUMERIC_STD.TO_INTEGER: metavalue detected, returning 0
at 0 ps, Instance /tb_convolution_module_test/uut/convolution/\line_ops(8)\/line_op/ : Warning: NUMERIC_STD.TO_INTEGER: metavalue detected, returning 0
at 0 ps, Instance /tb_convolution_module_test/uut/convolution/\line_ops(8)\/line_op/ : Warning: NUMERIC_STD.TO_INTEGER: metavalue detected, returning 0
at 0 ps, Instance /tb_convolution_module_test/uut/convolution/\line_ops(8)\/line_op/ : Warning: NUMERIC_STD.TO_INTEGER: metavalue detected, returning 0
at 0 ps, Instance /tb_convolution_module_test/uut/convolution/\line_ops(7)\/line_op/ : Warning: NUMERIC_STD.TO_INTEGER: metavalue detected, returning 0
at 0 ps, Instance /tb_convolution_module_test/uut/convolution/\line_ops(7)\/line_op/ : Warning: NUMERIC_STD.TO_INTEGER: metavalue detected, returning 0
at 0 ps, Instance /tb_convolution_module_test/uut/convolution/\line_ops(7)\/line_op/ : Warning: NUMERIC_STD.TO_INTEGER: metavalue detected, returning 0
at 0 ps, Instance /tb_convolution_module_test/uut/convolution/\line_ops(7)\/line_op/ : Warning: NUMERIC_STD.TO_INTEGER: metavalue detected, returning 0
at 0 ps, Instance /tb_convolution_module_test/uut/convolution/\line_ops(7)\/line_op/ : Warning: NUMERIC_STD.TO_INTEGER: metavalue detected, returning 0
at 0 ps, Instance /tb_convolution_module_test/uut/convolution/\line_ops(7)\/line_op/ : Warning: NUMERIC_STD.TO_INTEGER: metavalue detected, returning 0
at 0 ps, Instance /tb_convolution_module_test/uut/convolution/\line_ops(7)\/line_op/ : Warning: NUMERIC_STD.TO_INTEGER: metavalue detected, returning 0
at 0 ps, Instance /tb_convolution_module_test/uut/convolution/\line_ops(7)\/line_op/ : Warning: NUMERIC_STD.TO_INTEGER: metavalue detected, returning 0
at 0 ps, Instance /tb_convolution_module_test/uut/convolution/\line_ops(7)\/line_op/ : Warning: NUMERIC_STD.TO_INTEGER: metavalue detected, returning 0
at 0 ps, Instance /tb_convolution_module_test/uut/convolution/\line_ops(6)\/line_op/ : Warning: NUMERIC_STD.TO_INTEGER: metavalue detected, returning 0
at 0 ps, Instance /tb_convolution_module_test/uut/convolution/\line_ops(6)\/line_op/ : Warning: NUMERIC_STD.TO_INTEGER: metavalue detected, returning 0
at 0 ps, Instance /tb_convolution_module_test/uut/convolution/\line_ops(6)\/line_op/ : Warning: NUMERIC_STD.TO_INTEGER: metavalue detected, returning 0
at 0 ps, Instance /tb_convolution_module_test/uut/convolution/\line_ops(6)\/line_op/ : Warning: NUMERIC_STD.TO_INTEGER: metavalue detected, returning 0
at 0 ps, Instance /tb_convolution_module_test/uut/convolution/\line_ops(6)\/line_op/ : Warning: NUMERIC_STD.TO_INTEGER: metavalue detected, returning 0
at 0 ps, Instance /tb_convolution_module_test/uut/convolution/\line_ops(6)\/line_op/ : Warning: NUMERIC_STD.TO_INTEGER: metavalue detected, returning 0
at 0 ps, Instance /tb_convolution_module_test/uut/convolution/\line_ops(6)\/line_op/ : Warning: NUMERIC_STD.TO_INTEGER: metavalue detected, returning 0
at 0 ps, Instance /tb_convolution_module_test/uut/convolution/\line_ops(6)\/line_op/ : Warning: NUMERIC_STD.TO_INTEGER: metavalue detected, returning 0
at 0 ps, Instance /tb_convolution_module_test/uut/convolution/\line_ops(6)\/line_op/ : Warning: NUMERIC_STD.TO_INTEGER: metavalue detected, returning 0
at 0 ps, Instance /tb_convolution_module_test/uut/convolution/\line_ops(5)\/line_op/ : Warning: NUMERIC_STD.TO_INTEGER: metavalue detected, returning 0
at 0 ps, Instance /tb_convolution_module_test/uut/convolution/\line_ops(5)\/line_op/ : Warning: NUMERIC_STD.TO_INTEGER: metavalue detected, returning 0
at 0 ps, Instance /tb_convolution_module_test/uut/convolution/\line_ops(5)\/line_op/ : Warning: NUMERIC_STD.TO_INTEGER: metavalue detected, returning 0
at 0 ps, Instance /tb_convolution_module_test/uut/convolution/\line_ops(5)\/line_op/ : Warning: NUMERIC_STD.TO_INTEGER: metavalue detected, returning 0
at 0 ps, Instance /tb_convolution_module_test/uut/convolution/\line_ops(5)\/line_op/ : Warning: NUMERIC_STD.TO_INTEGER: metavalue detected, returning 0
at 0 ps, Instance /tb_convolution_module_test/uut/convolution/\line_ops(5)\/line_op/ : Warning: NUMERIC_STD.TO_INTEGER: metavalue detected, returning 0
at 0 ps, Instance /tb_convolution_module_test/uut/convolution/\line_ops(5)\/line_op/ : Warning: NUMERIC_STD.TO_INTEGER: metavalue detected, returning 0
at 0 ps, Instance /tb_convolution_module_test/uut/convolution/\line_ops(5)\/line_op/ : Warning: NUMERIC_STD.TO_INTEGER: metavalue detected, returning 0
at 0 ps, Instance /tb_convolution_module_test/uut/convolution/\line_ops(5)\/line_op/ : Warning: NUMERIC_STD.TO_INTEGER: metavalue detected, returning 0
at 0 ps, Instance /tb_convolution_module_test/uut/convolution/\line_ops(4)\/line_op/ : Warning: NUMERIC_STD.TO_INTEGER: metavalue detected, returning 0
at 0 ps, Instance /tb_convolution_module_test/uut/convolution/\line_ops(4)\/line_op/ : Warning: NUMERIC_STD.TO_INTEGER: metavalue detected, returning 0
at 0 ps, Instance /tb_convolution_module_test/uut/convolution/\line_ops(4)\/line_op/ : Warning: NUMERIC_STD.TO_INTEGER: metavalue detected, returning 0
at 0 ps, Instance /tb_convolution_module_test/uut/convolution/\line_ops(4)\/line_op/ : Warning: NUMERIC_STD.TO_INTEGER: metavalue detected, returning 0
at 0 ps, Instance /tb_convolution_module_test/uut/convolution/\line_ops(4)\/line_op/ : Warning: NUMERIC_STD.TO_INTEGER: metavalue detected, returning 0
at 0 ps, Instance /tb_convolution_module_test/uut/convolution/\line_ops(4)\/line_op/ : Warning: NUMERIC_STD.TO_INTEGER: metavalue detected, returning 0
at 0 ps, Instance /tb_convolution_module_test/uut/convolution/\line_ops(4)\/line_op/ : Warning: NUMERIC_STD.TO_INTEGER: metavalue detected, returning 0
at 0 ps, Instance /tb_convolution_module_test/uut/convolution/\line_ops(4)\/line_op/ : Warning: NUMERIC_STD.TO_INTEGER: metavalue detected, returning 0
at 0 ps, Instance /tb_convolution_module_test/uut/convolution/\line_ops(4)\/line_op/ : Warning: NUMERIC_STD.TO_INTEGER: metavalue detected, returning 0
at 0 ps, Instance /tb_convolution_module_test/uut/convolution/\line_ops(3)\/line_op/ : Warning: NUMERIC_STD.TO_INTEGER: metavalue detected, returning 0
at 0 ps, Instance /tb_convolution_module_test/uut/convolution/\line_ops(3)\/line_op/ : Warning: NUMERIC_STD.TO_INTEGER: metavalue detected, returning 0
at 0 ps, Instance /tb_convolution_module_test/uut/convolution/\line_ops(3)\/line_op/ : Warning: NUMERIC_STD.TO_INTEGER: metavalue detected, returning 0
at 0 ps, Instance /tb_convolution_module_test/uut/convolution/\line_ops(3)\/line_op/ : Warning: NUMERIC_STD.TO_INTEGER: metavalue detected, returning 0
at 0 ps, Instance /tb_convolution_module_test/uut/convolution/\line_ops(3)\/line_op/ : Warning: NUMERIC_STD.TO_INTEGER: metavalue detected, returning 0
at 0 ps, Instance /tb_convolution_module_test/uut/convolution/\line_ops(3)\/line_op/ : Warning: NUMERIC_STD.TO_INTEGER: metavalue detected, returning 0
at 0 ps, Instance /tb_convolution_module_test/uut/convolution/\line_ops(3)\/line_op/ : Warning: NUMERIC_STD.TO_INTEGER: metavalue detected, returning 0
at 0 ps, Instance /tb_convolution_module_test/uut/convolution/\line_ops(3)\/line_op/ : Warning: NUMERIC_STD.TO_INTEGER: metavalue detected, returning 0
at 0 ps, Instance /tb_convolution_module_test/uut/convolution/\line_ops(3)\/line_op/ : Warning: NUMERIC_STD.TO_INTEGER: metavalue detected, returning 0
at 0 ps, Instance /tb_convolution_module_test/uut/convolution/\line_ops(2)\/line_op/ : Warning: NUMERIC_STD.TO_INTEGER: metavalue detected, returning 0
at 0 ps, Instance /tb_convolution_module_test/uut/convolution/\line_ops(2)\/line_op/ : Warning: NUMERIC_STD.TO_INTEGER: metavalue detected, returning 0
at 0 ps, Instance /tb_convolution_module_test/uut/convolution/\line_ops(2)\/line_op/ : Warning: NUMERIC_STD.TO_INTEGER: metavalue detected, returning 0
at 0 ps, Instance /tb_convolution_module_test/uut/convolution/\line_ops(2)\/line_op/ : Warning: NUMERIC_STD.TO_INTEGER: metavalue detected, returning 0
at 0 ps, Instance /tb_convolution_module_test/uut/convolution/\line_ops(2)\/line_op/ : Warning: NUMERIC_STD.TO_INTEGER: metavalue detected, returning 0
at 0 ps, Instance /tb_convolution_module_test/uut/convolution/\line_ops(2)\/line_op/ : Warning: NUMERIC_STD.TO_INTEGER: metavalue detected, returning 0
at 0 ps, Instance /tb_convolution_module_test/uut/convolution/\line_ops(2)\/line_op/ : Warning: NUMERIC_STD.TO_INTEGER: metavalue detected, returning 0
at 0 ps, Instance /tb_convolution_module_test/uut/convolution/\line_ops(2)\/line_op/ : Warning: NUMERIC_STD.TO_INTEGER: metavalue detected, returning 0
at 0 ps, Instance /tb_convolution_module_test/uut/convolution/\line_ops(2)\/line_op/ : Warning: NUMERIC_STD.TO_INTEGER: metavalue detected, returning 0
at 0 ps, Instance /tb_convolution_module_test/uut/convolution/\line_ops(1)\/line_op/ : Warning: NUMERIC_STD.TO_INTEGER: metavalue detected, returning 0
at 0 ps, Instance /tb_convolution_module_test/uut/convolution/\line_ops(1)\/line_op/ : Warning: NUMERIC_STD.TO_INTEGER: metavalue detected, returning 0
at 0 ps, Instance /tb_convolution_module_test/uut/convolution/\line_ops(1)\/line_op/ : Warning: NUMERIC_STD.TO_INTEGER: metavalue detected, returning 0
at 0 ps, Instance /tb_convolution_module_test/uut/convolution/\line_ops(1)\/line_op/ : Warning: NUMERIC_STD.TO_INTEGER: metavalue detected, returning 0
at 0 ps, Instance /tb_convolution_module_test/uut/convolution/\line_ops(1)\/line_op/ : Warning: NUMERIC_STD.TO_INTEGER: metavalue detected, returning 0
at 0 ps, Instance /tb_convolution_module_test/uut/convolution/\line_ops(1)\/line_op/ : Warning: NUMERIC_STD.TO_INTEGER: metavalue detected, returning 0
at 0 ps, Instance /tb_convolution_module_test/uut/convolution/\line_ops(1)\/line_op/ : Warning: NUMERIC_STD.TO_INTEGER: metavalue detected, returning 0
at 0 ps, Instance /tb_convolution_module_test/uut/convolution/\line_ops(1)\/line_op/ : Warning: NUMERIC_STD.TO_INTEGER: metavalue detected, returning 0
at 0 ps, Instance /tb_convolution_module_test/uut/convolution/\line_ops(1)\/line_op/ : Warning: NUMERIC_STD.TO_INTEGER: metavalue detected, returning 0
at 0 ps, Instance /tb_convolution_module_test/uut/convolution/\line_ops(0)\/line_op/ : Warning: NUMERIC_STD.TO_INTEGER: metavalue detected, returning 0
at 0 ps, Instance /tb_convolution_module_test/uut/convolution/\line_ops(0)\/line_op/ : Warning: NUMERIC_STD.TO_INTEGER: metavalue detected, returning 0
at 0 ps, Instance /tb_convolution_module_test/uut/convolution/\line_ops(0)\/line_op/ : Warning: NUMERIC_STD.TO_INTEGER: metavalue detected, returning 0
at 0 ps, Instance /tb_convolution_module_test/uut/convolution/\line_ops(0)\/line_op/ : Warning: NUMERIC_STD.TO_INTEGER: metavalue detected, returning 0
at 0 ps, Instance /tb_convolution_module_test/uut/convolution/\line_ops(0)\/line_op/ : Warning: NUMERIC_STD.TO_INTEGER: metavalue detected, returning 0
at 0 ps, Instance /tb_convolution_module_test/uut/convolution/\line_ops(0)\/line_op/ : Warning: NUMERIC_STD.TO_INTEGER: metavalue detected, returning 0
at 0 ps, Instance /tb_convolution_module_test/uut/convolution/\line_ops(0)\/line_op/ : Warning: NUMERIC_STD.TO_INTEGER: metavalue detected, returning 0
at 0 ps, Instance /tb_convolution_module_test/uut/convolution/\line_ops(0)\/line_op/ : Warning: NUMERIC_STD.TO_INTEGER: metavalue detected, returning 0
at 0 ps, Instance /tb_convolution_module_test/uut/convolution/\line_ops(0)\/line_op/ : Warning: NUMERIC_STD.TO_INTEGER: metavalue detected, returning 0
at 0 ps, Instance /tb_convolution_module_test/uut/convolution/div/ : Warning: NUMERIC_STD."<": metavalue detected, returning FALSE
at 0 ps, Instance /tb_convolution_module_test/uut/convolution/div/ : Warning: NUMERIC_STD.">": metavalue detected, returning FALSE
at 0 ps, Instance /tb_convolution_module_test/uut/convolution/div/ : Warning: NUMERIC_STD."=": metavalue detected, returning FALSE
at 0 ps, Instance /tb_convolution_module_test/uut/convolution/div/ : Warning: NUMERIC_STD."<": metavalue detected, returning FALSE
at 0 ps, Instance /tb_convolution_module_test/uut/convolution/div/ : Warning: NUMERIC_STD.">": metavalue detected, returning FALSE
at 0 ps, Instance /tb_convolution_module_test/uut/convolution/div/ : Warning: NUMERIC_STD."=": metavalue detected, returning FALSE

** Failure:End of simulation
User(VHDL) Code Called Simulation Stop
In process TB_CONVOLUTION_MODULE_TEST.vhd:stim_proc 
 
INFO: Simulator is stopped.
