Release 14.7 - xst P.20131013 (nt64)
Copyright (c) 1995-2013 Xilinx, Inc.  All rights reserved.
--> Parameter TMPDIR set to xst/projnav.tmp


Total REAL time to Xst completion: 0.00 secs
Total CPU time to Xst completion: 0.06 secs
 
--> Parameter xsthdpdir set to xst


Total REAL time to Xst completion: 0.00 secs
Total CPU time to Xst completion: 0.06 secs
 
--> Reading design: LINE_REG.prj

TABLE OF CONTENTS
  1) Synthesis Options Summary
  2) HDL Parsing
  3) HDL Elaboration
  4) HDL Synthesis
       4.1) HDL Synthesis Report
  5) Advanced HDL Synthesis
       5.1) Advanced HDL Synthesis Report
  6) Low Level Synthesis
  7) Partition Report
  8) Design Summary
       8.1) Primitive and Black Box Usage
       8.2) Device utilization summary
       8.3) Partition Resource Summary
       8.4) Timing Report
            8.4.1) Clock Information
            8.4.2) Asynchronous Control Signals Information
            8.4.3) Timing Summary
            8.4.4) Timing Details
            8.4.5) Cross Clock Domains Report


=========================================================================
*                      Synthesis Options Summary                        *
=========================================================================
---- Source Parameters
Input File Name                    : "LINE_REG.prj"
Ignore Synthesis Constraint File   : NO

---- Target Parameters
Output File Name                   : "LINE_REG"
Output Format                      : NGC
Target Device                      : xa7z020-1I-clg400

---- Source Options
Top Module Name                    : LINE_REG
Automatic FSM Extraction           : YES
FSM Encoding Algorithm             : Auto
Safe Implementation                : No
FSM Style                          : LUT
RAM Extraction                     : Yes
RAM Style                          : Auto
ROM Extraction                     : Yes
Shift Register Extraction          : YES
ROM Style                          : Auto
Resource Sharing                   : YES
Asynchronous To Synchronous        : NO
Shift Register Minimum Size        : 2
Use DSP Block                      : Auto
Automatic Register Balancing       : No

---- Target Options
LUT Combining                      : Auto
Reduce Control Sets                : Auto
Add IO Buffers                     : YES
Global Maximum Fanout              : 100000
Add Generic Clock Buffer(BUFG)     : 32
Register Duplication               : YES
Optimize Instantiated Primitives   : NO
Use Clock Enable                   : Auto
Use Synchronous Set                : Auto
Use Synchronous Reset              : Auto
Pack IO Registers into IOBs        : Auto
Equivalent register Removal        : YES

---- General Options
Optimization Goal                  : Speed
Optimization Effort                : 1
Power Reduction                    : NO
Keep Hierarchy                     : No
Netlist Hierarchy                  : As_Optimized
RTL Output                         : Yes
Global Optimization                : AllClockNets
Read Cores                         : YES
Write Timing Constraints           : NO
Cross Clock Analysis               : NO
Hierarchy Separator                : /
Bus Delimiter                      : <>
Case Specifier                     : Maintain
Slice Utilization Ratio            : 100
BRAM Utilization Ratio             : 100
DSP48 Utilization Ratio            : 100
Auto BRAM Packing                  : NO
Slice Utilization Ratio Delta      : 5

=========================================================================


=========================================================================
*                          HDL Parsing                                  *
=========================================================================
Parsing VHDL file "E:\Master Degree\VSOIZM\vsoizm\Practice\REG.vhd" into library work
Parsing entity <REG>.
Parsing architecture <Behavioral> of entity <reg>.
Parsing VHDL file "E:\Master Degree\VSOIZM\vsoizm\Practice\DBL_IN_REG.vhd" into library work
Parsing entity <DBL_IN_REG>.
Parsing architecture <Behavioral> of entity <dbl_in_reg>.
Parsing VHDL file "E:\Master Degree\VSOIZM\vsoizm\Practice\ConvolutionPack.vhd" into library work
Parsing package <ConvolutionPack>.
Parsing package body <ConvolutionPack>.
Parsing VHDL file "E:\Master Degree\VSOIZM\vsoizm\Practice\LINE_REG.vhd" into library work
Parsing entity <LINE_REG>.
Parsing architecture <Behavioral> of entity <line_reg>.

=========================================================================
*                            HDL Elaboration                            *
=========================================================================

Elaborating entity <LINE_REG> (architecture <Behavioral>) with generics from library <work>.

Elaborating entity <DBL_IN_REG> (architecture <Behavioral>) with generics from library <work>.

Elaborating entity <REG> (architecture <Behavioral>) with generics from library <work>.

=========================================================================
*                           HDL Synthesis                               *
=========================================================================

Synthesizing Unit <LINE_REG>.
    Related source file is "E:\Master Degree\VSOIZM\vsoizm\Practice\LINE_REG.vhd".
        SIZE = 8
        OUTSIZE = 9
        WORD = 8
    Summary:
	no macro.
Unit <LINE_REG> synthesized.

Synthesizing Unit <DBL_IN_REG>.
    Related source file is "E:\Master Degree\VSOIZM\vsoizm\Practice\DBL_IN_REG.vhd".
        N = 8
    Summary:
	inferred   1 Multiplexer(s).
Unit <DBL_IN_REG> synthesized.

Synthesizing Unit <REG>.
    Related source file is "E:\Master Degree\VSOIZM\vsoizm\Practice\REG.vhd".
        N = 8
    Found 8-bit register for signal <reg>.
    Summary:
	inferred   8 D-type flip-flop(s).
Unit <REG> synthesized.

=========================================================================
HDL Synthesis Report

Macro Statistics
# Registers                                            : 8
 8-bit register                                        : 8
# Multiplexers                                         : 8
 8-bit 2-to-1 multiplexer                              : 8

=========================================================================

=========================================================================
*                       Advanced HDL Synthesis                          *
=========================================================================


=========================================================================
Advanced HDL Synthesis Report

Macro Statistics
# Registers                                            : 64
 Flip-Flops                                            : 64
# Multiplexers                                         : 8
 8-bit 2-to-1 multiplexer                              : 8

=========================================================================

=========================================================================
*                         Low Level Synthesis                           *
=========================================================================

Optimizing unit <REG> ...

Optimizing unit <LINE_REG> ...

Mapping all equations...
Building and optimizing final netlist ...
Found area constraint ratio of 100 (+ 5) on block LINE_REG, actual ratio is 0.
FlipFlop regs[7].reg/reg_internal/reg_7 has been replicated 1 time(s) to handle iob=true attribute.
FlipFlop regs[7].reg/reg_internal/reg_6 has been replicated 1 time(s) to handle iob=true attribute.
FlipFlop regs[7].reg/reg_internal/reg_5 has been replicated 1 time(s) to handle iob=true attribute.
FlipFlop regs[7].reg/reg_internal/reg_4 has been replicated 1 time(s) to handle iob=true attribute.
FlipFlop regs[7].reg/reg_internal/reg_3 has been replicated 1 time(s) to handle iob=true attribute.
FlipFlop regs[7].reg/reg_internal/reg_2 has been replicated 1 time(s) to handle iob=true attribute.
FlipFlop regs[7].reg/reg_internal/reg_1 has been replicated 1 time(s) to handle iob=true attribute.
FlipFlop regs[7].reg/reg_internal/reg_0 has been replicated 1 time(s) to handle iob=true attribute.

Final Macro Processing ...

=========================================================================
Final Register Report

Macro Statistics
# Registers                                            : 72
 Flip-Flops                                            : 72

=========================================================================

=========================================================================
*                           Partition Report                            *
=========================================================================

Partition Implementation Status
-------------------------------

  No Partitions were found in this design.

-------------------------------

=========================================================================
*                            Design Summary                             *
=========================================================================

Top Level Output File Name         : LINE_REG.ngc

Primitive and Black Box Usage:
------------------------------
# BELS                             : 65
#      GND                         : 1
#      LUT5                        : 8
#      LUT6                        : 56
# FlipFlops/Latches                : 72
#      FDCE                        : 72
# Clock Buffers                    : 1
#      BUFGP                       : 1
# IO Buffers                       : 94
#      IBUF                        : 14
#      OBUF                        : 80

Device utilization summary:
---------------------------

Selected Device : xa7z020clg400-1i 


Slice Logic Utilization: 
 Number of Slice Registers:              64  out of  106400     0%  
 Number of Slice LUTs:                   64  out of  53200     0%  
    Number used as Logic:                64  out of  53200     0%  

Slice Logic Distribution: 
 Number of LUT Flip Flop pairs used:     64
   Number with an unused Flip Flop:       0  out of     64     0%  
   Number with an unused LUT:             0  out of     64     0%  
   Number of fully used LUT-FF pairs:    64  out of     64   100%  
   Number of unique control sets:         1

IO Utilization: 
 Number of IOs:                          95
 Number of bonded IOBs:                  95  out of    125    76%  
    IOB Flip Flops/Latches:               8

Specific Feature Utilization:
 Number of BUFG/BUFGCTRLs:                1  out of     32     3%  

---------------------------
Partition Resource Summary:
---------------------------

  No Partitions were found in this design.

---------------------------


=========================================================================
Timing Report

NOTE: THESE TIMING NUMBERS ARE ONLY A SYNTHESIS ESTIMATE.
      FOR ACCURATE TIMING INFORMATION PLEASE REFER TO THE TRACE REPORT
      GENERATED AFTER PLACE-and-ROUTE.

Clock Information:
------------------
-----------------------------------+------------------------+-------+
Clock Signal                       | Clock buffer(FF name)  | Load  |
-----------------------------------+------------------------+-------+
CLK                                | BUFGP                  | 72    |
-----------------------------------+------------------------+-------+

Asynchronous Control Signals Information:
----------------------------------------
No asynchronous control signals found in this design

Timing Summary:
---------------
Speed Grade: -1

   Minimum period: 0.690ns (Maximum Frequency: 1449.275MHz)
   Minimum input arrival time before clock: 0.865ns
   Maximum output required time after clock: 0.637ns
   Maximum combinational path delay: No path found

Timing Details:
---------------
All values displayed in nanoseconds (ns)

=========================================================================
Timing constraint: Default period analysis for Clock 'CLK'
  Clock period: 0.690ns (frequency: 1449.276MHz)
  Total number of paths / destination ports: 56 / 56
-------------------------------------------------------------------------
Delay:               0.690ns (Levels of Logic = 1)
  Source:            regs[6].reg/reg_internal/reg_7 (FF)
  Destination:       regs[5].reg/reg_internal/reg_7 (FF)
  Source Clock:      CLK rising
  Destination Clock: CLK rising

  Data Path: regs[6].reg/reg_internal/reg_7 to regs[5].reg/reg_internal/reg_7
                                Gate     Net
    Cell:in->out      fanout   Delay   Delay  Logical Name (Net Name)
    ----------------------------------------  ------------
     FDCE:C->Q             2   0.232   0.415  regs[6].reg/reg_internal/reg_7 (regs[6].reg/reg_internal/reg_7)
     LUT6:I5->O            1   0.043   0.000  regs[5].reg/Mmux_reg_in81 (regs[5].reg/reg_in<7>)
     FDCE:D                   -0.001          regs[5].reg/reg_internal/reg_7
    ----------------------------------------
    Total                      0.690ns (0.275ns logic, 0.415ns route)
                                       (39.9% logic, 60.1% route)

=========================================================================
Timing constraint: Default OFFSET IN BEFORE for Clock 'CLK'
  Total number of paths / destination ports: 504 / 216
-------------------------------------------------------------------------
Offset:              0.865ns (Levels of Logic = 2)
  Source:            LINE_LENGTH<0> (PAD)
  Destination:       regs[6].reg/reg_internal/reg_7 (FF)
  Destination Clock: CLK rising

  Data Path: LINE_LENGTH<0> to regs[6].reg/reg_internal/reg_7
                                Gate     Net
    Cell:in->out      fanout   Delay   Delay  Logical Name (Net Name)
    ----------------------------------------  ------------
     IBUF:I->O            64   0.000   0.822  LINE_LENGTH_0_IBUF (LINE_LENGTH_0_IBUF)
     LUT6:I1->O            1   0.043   0.000  regs[2].reg/Mmux_reg_in81 (regs[2].reg/reg_in<7>)
     FDCE:D                   -0.001          regs[2].reg/reg_internal/reg_7
    ----------------------------------------
    Total                      0.865ns (0.043ns logic, 0.822ns route)
                                       (5.0% logic, 95.0% route)

=========================================================================
Timing constraint: Default OFFSET OUT AFTER for Clock 'CLK'
  Total number of paths / destination ports: 72 / 72
-------------------------------------------------------------------------
Offset:              0.637ns (Levels of Logic = 1)
  Source:            regs[6].reg/reg_internal/reg_7 (FF)
  Destination:       OUTPUT<55> (PAD)
  Source Clock:      CLK rising

  Data Path: regs[6].reg/reg_internal/reg_7 to OUTPUT<55>
                                Gate     Net
    Cell:in->out      fanout   Delay   Delay  Logical Name (Net Name)
    ----------------------------------------  ------------
     FDCE:C->Q             2   0.232   0.405  regs[6].reg/reg_internal/reg_7 (regs[6].reg/reg_internal/reg_7)
     OBUF:I->O                 0.000          OUTPUT_55_OBUF (OUTPUT<55>)
    ----------------------------------------
    Total                      0.637ns (0.232ns logic, 0.405ns route)
                                       (36.4% logic, 63.6% route)

=========================================================================

Cross Clock Domains Report:
--------------------------

Clock to Setup on destination clock CLK
---------------+---------+---------+---------+---------+
               | Src:Rise| Src:Fall| Src:Rise| Src:Fall|
Source Clock   |Dest:Rise|Dest:Rise|Dest:Fall|Dest:Fall|
---------------+---------+---------+---------+---------+
CLK            |    0.690|         |         |         |
---------------+---------+---------+---------+---------+

=========================================================================


Total REAL time to Xst completion: 5.00 secs
Total CPU time to Xst completion: 5.44 secs
 
--> 

Total memory usage is 4709192 kilobytes

Number of errors   :    0 (   0 filtered)
Number of warnings :    0 (   0 filtered)
Number of infos    :    0 (   0 filtered)

