Release 14.7 - xst P.20131013 (nt64)
Copyright (c) 1995-2013 Xilinx, Inc.  All rights reserved.
--> Parameter TMPDIR set to xst/projnav.tmp


Total REAL time to Xst completion: 0.00 secs
Total CPU time to Xst completion: 0.06 secs
 
--> Parameter xsthdpdir set to xst


Total REAL time to Xst completion: 0.00 secs
Total CPU time to Xst completion: 0.06 secs
 
--> Reading design: RAM_IN.prj

TABLE OF CONTENTS
  1) Synthesis Options Summary
  2) HDL Parsing
  3) HDL Elaboration
  4) HDL Synthesis
       4.1) HDL Synthesis Report
  5) Advanced HDL Synthesis
       5.1) Advanced HDL Synthesis Report
  6) Low Level Synthesis
  7) Partition Report
  8) Design Summary
       8.1) Primitive and Black Box Usage
       8.2) Device utilization summary
       8.3) Partition Resource Summary
       8.4) Timing Report
            8.4.1) Clock Information
            8.4.2) Asynchronous Control Signals Information
            8.4.3) Timing Summary
            8.4.4) Timing Details
            8.4.5) Cross Clock Domains Report


=========================================================================
*                      Synthesis Options Summary                        *
=========================================================================
---- Source Parameters
Input File Name                    : "RAM_IN.prj"
Ignore Synthesis Constraint File   : NO

---- Target Parameters
Output File Name                   : "RAM_IN"
Output Format                      : NGC
Target Device                      : xa7z020-1I-clg400

---- Source Options
Top Module Name                    : RAM_IN
Automatic FSM Extraction           : YES
FSM Encoding Algorithm             : Auto
Safe Implementation                : No
FSM Style                          : LUT
RAM Extraction                     : Yes
RAM Style                          : Auto
ROM Extraction                     : Yes
Shift Register Extraction          : YES
ROM Style                          : Auto
Resource Sharing                   : YES
Asynchronous To Synchronous        : NO
Shift Register Minimum Size        : 2
Use DSP Block                      : Auto
Automatic Register Balancing       : No

---- Target Options
LUT Combining                      : Auto
Reduce Control Sets                : Auto
Add IO Buffers                     : YES
Global Maximum Fanout              : 100000
Add Generic Clock Buffer(BUFG)     : 32
Register Duplication               : YES
Optimize Instantiated Primitives   : NO
Use Clock Enable                   : Auto
Use Synchronous Set                : Auto
Use Synchronous Reset              : Auto
Pack IO Registers into IOBs        : Auto
Equivalent register Removal        : YES

---- General Options
Optimization Goal                  : Speed
Optimization Effort                : 1
Power Reduction                    : NO
Keep Hierarchy                     : No
Netlist Hierarchy                  : As_Optimized
RTL Output                         : Yes
Global Optimization                : AllClockNets
Read Cores                         : YES
Write Timing Constraints           : NO
Cross Clock Analysis               : NO
Hierarchy Separator                : /
Bus Delimiter                      : <>
Case Specifier                     : Maintain
Slice Utilization Ratio            : 100
BRAM Utilization Ratio             : 100
DSP48 Utilization Ratio            : 100
Auto BRAM Packing                  : NO
Slice Utilization Ratio Delta      : 5

=========================================================================


=========================================================================
*                          HDL Parsing                                  *
=========================================================================
Parsing VHDL file "E:\Master Degree\VSOIZM\vsoizm\Practice\RAM_IN.vhd" into library work
Parsing entity <RAM_IN>.
Parsing architecture <Behavioral> of entity <ram_in>.

=========================================================================
*                            HDL Elaboration                            *
=========================================================================

Elaborating entity <RAM_IN> (architecture <Behavioral>) with generics from library <work>.

=========================================================================
*                           HDL Synthesis                               *
=========================================================================

Synthesizing Unit <RAM_IN>.
    Related source file is "E:\Master Degree\VSOIZM\vsoizm\Practice\RAM_IN.vhd".
        ADDRSIZE = 16
        WORD = 8
    Found 65536x8-bit single-port RAM <Mram_c_ram> for signal <c_ram>.
    Found 8-bit register for signal <DOUT>.
    Summary:
	inferred   1 RAM(s).
	inferred   8 D-type flip-flop(s).
Unit <RAM_IN> synthesized.

=========================================================================
HDL Synthesis Report

Macro Statistics
# RAMs                                                 : 1
 65536x8-bit single-port RAM                           : 1
# Registers                                            : 1
 8-bit register                                        : 1

=========================================================================

=========================================================================
*                       Advanced HDL Synthesis                          *
=========================================================================


Synthesizing (advanced) Unit <RAM_IN>.
INFO:Xst:3217 - HDL ADVISOR - Register <reg_out> currently described with an asynchronous reset, could be combined with distributed RAM <Mram_c_ram> for implementation on block RAM resources if you made this reset synchronous instead.
    -----------------------------------------------------------------------
    | ram_type           | Distributed                         |          |
    -----------------------------------------------------------------------
    | Port A                                                              |
    |     aspect ratio   | 65536-word x 8-bit                  |          |
    |     clkA           | connected to signal <CLK>           | rise     |
    |     weA            | connected to signal <W_EN>          | high     |
    |     addrA          | connected to signal <ADR>           |          |
    |     diA            | connected to signal <DIN>           |          |
    |     doA            | connected to internal node          |          |
    -----------------------------------------------------------------------
INFO:Xst:3218 - HDL ADVISOR - The RAM <Mram_c_ram> will be implemented on LUTs either because you have described an asynchronous read or because of currently unsupported block RAM features. If you have described an asynchronous read, making it synchronous would allow you to take advantage of available block RAM resources, for optimized device usage and improved timings. Please refer to your documentation for coding guidelines.
Unit <RAM_IN> synthesized (advanced).

=========================================================================
Advanced HDL Synthesis Report

Macro Statistics
# RAMs                                                 : 1
 65536x8-bit single-port distributed RAM               : 1
# Registers                                            : 8
 Flip-Flops                                            : 8

=========================================================================

=========================================================================
*                         Low Level Synthesis                           *
=========================================================================

Optimizing unit <RAM_IN> ...

Mapping all equations...
Building and optimizing final netlist ...
Found area constraint ratio of 100 (+ 5) on block RAM_IN, actual ratio is 3.

Final Macro Processing ...

=========================================================================
Final Register Report

Macro Statistics
# Registers                                            : 8
 Flip-Flops                                            : 8

=========================================================================

=========================================================================
*                           Partition Report                            *
=========================================================================

Partition Implementation Status
-------------------------------

  No Partitions were found in this design.

-------------------------------

=========================================================================
*                            Design Summary                             *
=========================================================================

Top Level Output File Name         : RAM_IN.ngc

Primitive and Black Box Usage:
------------------------------
# BELS                             : 1472
#      LUT2                        : 256
#      LUT3                        : 8
#      LUT6                        : 800
#      MUXF7                       : 272
#      MUXF8                       : 136
# FlipFlops/Latches                : 8
#      FDCE                        : 8
# RAMS                             : 2048
#      RAM256X1S                   : 2048
# Clock Buffers                    : 1
#      BUFGP                       : 1
# IO Buffers                       : 35
#      IBUF                        : 27
#      OBUF                        : 8

Device utilization summary:
---------------------------

Selected Device : xa7z020clg400-1i 


Slice Logic Utilization: 
 Number of Slice Registers:               8  out of  106400     0%  
 Number of Slice LUTs:                 9256  out of  53200    17%  
    Number used as Logic:              1064  out of  53200     2%  
    Number used as Memory:             8192  out of  17400    47%  
       Number used as RAM:             8192

Slice Logic Distribution: 
 Number of LUT Flip Flop pairs used:   9264
   Number with an unused Flip Flop:    9256  out of   9264    99%  
   Number with an unused LUT:             8  out of   9264     0%  
   Number of fully used LUT-FF pairs:     0  out of   9264     0%  
   Number of unique control sets:         1

IO Utilization: 
 Number of IOs:                          36
 Number of bonded IOBs:                  36  out of    125    28%  

Specific Feature Utilization:
 Number of BUFG/BUFGCTRLs:                1  out of     32     3%  

---------------------------
Partition Resource Summary:
---------------------------

  No Partitions were found in this design.

---------------------------


=========================================================================
Timing Report

NOTE: THESE TIMING NUMBERS ARE ONLY A SYNTHESIS ESTIMATE.
      FOR ACCURATE TIMING INFORMATION PLEASE REFER TO THE TRACE REPORT
      GENERATED AFTER PLACE-and-ROUTE.

Clock Information:
------------------
-----------------------------------+------------------------+-------+
Clock Signal                       | Clock buffer(FF name)  | Load  |
-----------------------------------+------------------------+-------+
CLK                                | BUFGP                  | 2056  |
-----------------------------------+------------------------+-------+

Asynchronous Control Signals Information:
----------------------------------------
No asynchronous control signals found in this design

Timing Summary:
---------------
Speed Grade: -1

   Minimum period: 3.393ns (Maximum Frequency: 294.724MHz)
   Minimum input arrival time before clock: 2.991ns
   Maximum output required time after clock: 0.631ns
   Maximum combinational path delay: No path found

Timing Details:
---------------
All values displayed in nanoseconds (ns)

=========================================================================
Timing constraint: Default period analysis for Clock 'CLK'
  Clock period: 3.393ns (frequency: 294.724MHz)
  Total number of paths / destination ports: 2048 / 8
-------------------------------------------------------------------------
Delay:               3.393ns (Levels of Logic = 6)
  Source:            Mram_c_ram103 (RAM)
  Destination:       reg_out_0 (FF)
  Source Clock:      CLK rising
  Destination Clock: CLK rising

  Data Path: Mram_c_ram103 to reg_out_0
                                Gate     Net
    Cell:in->out      fanout   Delay   Delay  Logical Name (Net Name)
    ----------------------------------------  ------------
     RAM256X1S:WCLK->O     1   1.565   0.576  Mram_c_ram103 (N462)
     LUT6:I2->O            1   0.043   0.000  inst_LPM_MUX_1314 (inst_LPM_MUX_1314)
     MUXF7:I1->O           1   0.172   0.000  inst_LPM_MUX_12_f7_4 (inst_LPM_MUX_12_f75)
     MUXF8:I0->O           1   0.123   0.576  inst_LPM_MUX_10_f8_3 (inst_LPM_MUX_10_f84)
     LUT6:I2->O            1   0.043   0.000  inst_LPM_MUX_51 (inst_LPM_MUX_51)
     MUXF7:I1->O           1   0.172   0.000  inst_LPM_MUX_4_f7 (inst_LPM_MUX_4_f7)
     MUXF8:I0->O           1   0.123   0.000  inst_LPM_MUX_2_f8 (_n0017<0>)
     FDCE:D                   -0.001          reg_out_0
    ----------------------------------------
    Total                      3.393ns (2.241ns logic, 1.152ns route)
                                       (66.0% logic, 34.0% route)

=========================================================================
Timing constraint: Default OFFSET IN BEFORE for Clock 'CLK'
  Total number of paths / destination ports: 38376 / 20504
-------------------------------------------------------------------------
Offset:              2.991ns (Levels of Logic = 4)
  Source:            ADR<11> (PAD)
  Destination:       Mram_c_ram1 (RAM)
  Destination Clock: CLK rising

  Data Path: ADR<11> to Mram_c_ram1
                                Gate     Net
    Cell:in->out      fanout   Delay   Delay  Logical Name (Net Name)
    ----------------------------------------  ------------
     IBUF:I->O           136   0.000   0.723  ADR_11_IBUF (ADR_11_IBUF)
     LUT3:I0->O           32   0.043   0.823  inst_LPM_DECODE12011 (inst_LPM_DECODE1201)
     LUT6:I0->O            1   0.043   0.463  inst_LPM_DECODE561 (N58)
     LUT2:I0->O            8   0.043   0.445  write_ctrl56 (write_ctrl56)
     RAM256X1S:WE              0.408          Mram_c_ram57
    ----------------------------------------
    Total                      2.991ns (0.537ns logic, 2.454ns route)
                                       (18.0% logic, 82.0% route)

=========================================================================
Timing constraint: Default OFFSET OUT AFTER for Clock 'CLK'
  Total number of paths / destination ports: 8 / 8
-------------------------------------------------------------------------
Offset:              0.631ns (Levels of Logic = 1)
  Source:            reg_out_7 (FF)
  Destination:       DOUT<7> (PAD)
  Source Clock:      CLK rising

  Data Path: reg_out_7 to DOUT<7>
                                Gate     Net
    Cell:in->out      fanout   Delay   Delay  Logical Name (Net Name)
    ----------------------------------------  ------------
     FDCE:C->Q             1   0.232   0.399  reg_out_7 (reg_out_7)
     OBUF:I->O                 0.000          DOUT_7_OBUF (DOUT<7>)
    ----------------------------------------
    Total                      0.631ns (0.232ns logic, 0.399ns route)
                                       (36.8% logic, 63.2% route)

=========================================================================

Cross Clock Domains Report:
--------------------------

Clock to Setup on destination clock CLK
---------------+---------+---------+---------+---------+
               | Src:Rise| Src:Fall| Src:Rise| Src:Fall|
Source Clock   |Dest:Rise|Dest:Rise|Dest:Fall|Dest:Fall|
---------------+---------+---------+---------+---------+
CLK            |    3.393|         |         |         |
---------------+---------+---------+---------+---------+

=========================================================================


Total REAL time to Xst completion: 9.00 secs
Total CPU time to Xst completion: 8.75 secs
 
--> 

Total memory usage is 4715784 kilobytes

Number of errors   :    0 (   0 filtered)
Number of warnings :    0 (   0 filtered)
Number of infos    :    2 (   0 filtered)

