Command line:
   TB_CONVOLUTION_UNIT_isim_beh.exe
     -simmode  gui
     -simrunnum  0
     -socket  63739

Sat Apr 11 22:11:39 2020


 Elaboration Time: 1.34375 sec

 Current Memory Usage: 6282.22 Meg

 Total Signals          : 33909
 Total Nets             : 1120873
 Total Signal Drivers   : 10343
 Total Blocks           : 7715
 Total Primitive Blocks : 2893
 Total Processes        : 10339
 Total Traceable Variables  : 7825
 Total Scalar Nets and Variables : 1129492

** Failure:End of simulation
User(VHDL) Code Called Simulation Stop
In process TB_CONVOLUTION_UNIT.vhd:stim_proc 
 


** Failure:End of simulation
User(VHDL) Code Called Simulation Stop
In process TB_CONVOLUTION_UNIT.vhd:stim_proc 
 


** Failure:End of simulation
User(VHDL) Code Called Simulation Stop
In process TB_CONVOLUTION_UNIT.vhd:stim_proc 
 


** Failure:End of simulation
User(VHDL) Code Called Simulation Stop
In process TB_CONVOLUTION_UNIT.vhd:stim_proc 
 


** Failure:End of simulation
User(VHDL) Code Called Simulation Stop
In process TB_CONVOLUTION_UNIT.vhd:stim_proc 
 


** Failure:End of simulation
User(VHDL) Code Called Simulation Stop
In process TB_CONVOLUTION_UNIT.vhd:stim_proc 
 


 Total Simulation Time: 5.53125 sec

 Current Memory Usage: 6124.93 Meg

Sat Apr 11 22:22:58 2020

