Command line:
   TB_LINE_OPERATOR_isim_beh.exe
     -simmode  gui
     -simrunnum  0
     -socket  60498

Thu Apr 09 23:26:11 2020


 Elaboration Time: 0.0625 sec

 Current Memory Usage: 5189.98 Meg

 Total Signals          : 3626
 Total Nets             : 7445
 Total Signal Drivers   : 1092
 Total Blocks           : 802
 Total Primitive Blocks : 287
 Total Processes        : 1088
 Total Traceable Variables  : 821
 Total Scalar Nets and Variables : 8788

** Failure:End of simulition
User(VHDL) Code Called Simulation Stop
In process TB_LINE_OPERATOR.vhd:stim_proc 
 


** Failure:End of simulition
User(VHDL) Code Called Simulation Stop
In process TB_LINE_OPERATOR.vhd:stim_proc 
 


** Failure:End of simulition
User(VHDL) Code Called Simulation Stop
In process TB_LINE_OPERATOR.vhd:stim_proc 
 


 Total Simulation Time: 0.390625 sec

 Current Memory Usage: 5032.7 Meg

Thu Apr 09 23:30:40 2020

